<?xml version="1.0" encoding="UTF-8"?>
<!-- Generated by org.testng.reporters.JUnitReportReporter -->
<testsuite hostname="DESKTOP-0THI49R" failures="0" tests="1" name="com.TesteoPagina.NewTest" time="0.933" errors="0" timestamp="3 Mar 2021 20:54:05 GMT">
  <testcase classname="com.TesteoPagina.NewTest" name="f" time="0.933"/>
</testsuite> <!-- com.TesteoPagina.NewTest -->
