<?xml version="1.0" encoding="UTF-8"?>
<!-- Generated by org.testng.reporters.JUnitReportReporter -->
<testsuite hostname="DESKTOP-0THI49R" failures="0" tests="200" name="com.TesteoPagina.TestPaginaNoticias" time="2810.702" errors="0" timestamp="9 Mar 2021 12:43:27 GMT">
  <testcase classname="com.TesteoPagina.TestPaginaNoticias" name="MiraTmb" time="9.076"/>
  <testcase classname="com.TesteoPagina.TestPaginaNoticias" name="MiraTmb" time="11.990"/>
  <testcase classname="com.TesteoPagina.TestPaginaNoticias" name="MiraTmb" time="11.046"/>
  <testcase classname="com.TesteoPagina.TestPaginaNoticias" name="MiraTmb" time="23.817"/>
  <testcase classname="com.TesteoPagina.TestPaginaNoticias" name="MiraTmb" time="11.453"/>
  <testcase classname="com.TesteoPagina.TestPaginaNoticias" name="MiraTmb" time="12.263"/>
  <testcase classname="com.TesteoPagina.TestPaginaNoticias" name="MiraTmb" time="12.981"/>
  <testcase classname="com.TesteoPagina.TestPaginaNoticias" name="MiraTmb" time="29.283"/>
  <testcase classname="com.TesteoPagina.TestPaginaNoticias" name="MiraTmb" time="9.127"/>
  <testcase classname="com.TesteoPagina.TestPaginaNoticias" name="MiraTmb" time="11.342"/>
  <testcase classname="com.TesteoPagina.TestPaginaNoticias" name="MiraTmb" time="14.564"/>
  <testcase classname="com.TesteoPagina.TestPaginaNoticias" name="MiraTmb" time="15.244"/>
  <testcase classname="com.TesteoPagina.TestPaginaNoticias" name="MiraTmb" time="15.227"/>
  <testcase classname="com.TesteoPagina.TestPaginaNoticias" name="MiraTmb" time="25.347"/>
  <testcase classname="com.TesteoPagina.TestPaginaNoticias" name="MiraTmb" time="10.739"/>
  <testcase classname="com.TesteoPagina.TestPaginaNoticias" name="MiraTmb" time="10.222"/>
  <testcase classname="com.TesteoPagina.TestPaginaNoticias" name="MiraTmb" time="14.749"/>
  <testcase classname="com.TesteoPagina.TestPaginaNoticias" name="MiraTmb" time="15.660"/>
  <testcase classname="com.TesteoPagina.TestPaginaNoticias" name="MiraTmb" time="11.460"/>
  <testcase classname="com.TesteoPagina.TestPaginaNoticias" name="MiraTmb" time="11.995"/>
  <testcase classname="com.TesteoPagina.TestPaginaNoticias" name="MiraTmb" time="10.769"/>
  <testcase classname="com.TesteoPagina.TestPaginaNoticias" name="MiraTmb" time="15.776"/>
  <testcase classname="com.TesteoPagina.TestPaginaNoticias" name="MiraTmb" time="12.890"/>
  <testcase classname="com.TesteoPagina.TestPaginaNoticias" name="MiraTmb" time="12.188"/>
  <testcase classname="com.TesteoPagina.TestPaginaNoticias" name="MiraTmb" time="12.134"/>
  <testcase classname="com.TesteoPagina.TestPaginaNoticias" name="MiraTmb" time="14.490"/>
  <testcase classname="com.TesteoPagina.TestPaginaNoticias" name="MiraTmb" time="13.884"/>
  <testcase classname="com.TesteoPagina.TestPaginaNoticias" name="MiraTmb" time="11.637"/>
  <testcase classname="com.TesteoPagina.TestPaginaNoticias" name="MiraTmb" time="11.348"/>
  <testcase classname="com.TesteoPagina.TestPaginaNoticias" name="MiraTmb" time="18.712"/>
  <testcase classname="com.TesteoPagina.TestPaginaNoticias" name="MiraTmb" time="15.191"/>
  <testcase classname="com.TesteoPagina.TestPaginaNoticias" name="MiraTmb" time="10.354"/>
  <testcase classname="com.TesteoPagina.TestPaginaNoticias" name="MiraTmb" time="12.534"/>
  <testcase classname="com.TesteoPagina.TestPaginaNoticias" name="MiraTmb" time="12.706"/>
  <testcase classname="com.TesteoPagina.TestPaginaNoticias" name="MiraTmb" time="10.870"/>
  <testcase classname="com.TesteoPagina.TestPaginaNoticias" name="MiraTmb" time="10.718"/>
  <testcase classname="com.TesteoPagina.TestPaginaNoticias" name="MiraTmb" time="16.180"/>
  <testcase classname="com.TesteoPagina.TestPaginaNoticias" name="MiraTmb" time="11.770"/>
  <testcase classname="com.TesteoPagina.TestPaginaNoticias" name="MiraTmb" time="10.598"/>
  <testcase classname="com.TesteoPagina.TestPaginaNoticias" name="MiraTmb" time="12.654"/>
  <testcase classname="com.TesteoPagina.TestPaginaNoticias" name="MiraTmb" time="10.674"/>
  <testcase classname="com.TesteoPagina.TestPaginaNoticias" name="MiraTmb" time="11.041"/>
  <testcase classname="com.TesteoPagina.TestPaginaNoticias" name="MiraTmb" time="25.217"/>
  <testcase classname="com.TesteoPagina.TestPaginaNoticias" name="MiraTmb" time="9.018"/>
  <testcase classname="com.TesteoPagina.TestPaginaNoticias" name="MiraTmb" time="34.723"/>
  <testcase classname="com.TesteoPagina.TestPaginaNoticias" name="MiraTmb" time="12.886"/>
  <testcase classname="com.TesteoPagina.TestPaginaNoticias" name="MiraTmb" time="12.557"/>
  <testcase classname="com.TesteoPagina.TestPaginaNoticias" name="MiraTmb" time="10.903"/>
  <testcase classname="com.TesteoPagina.TestPaginaNoticias" name="MiraTmb" time="13.915"/>
  <testcase classname="com.TesteoPagina.TestPaginaNoticias" name="MiraTmb" time="10.211"/>
  <testcase classname="com.TesteoPagina.TestPaginaNoticias" name="MiraTmb" time="14.637"/>
  <testcase classname="com.TesteoPagina.TestPaginaNoticias" name="MiraTmb" time="9.903"/>
  <testcase classname="com.TesteoPagina.TestPaginaNoticias" name="MiraTmb" time="9.756"/>
  <testcase classname="com.TesteoPagina.TestPaginaNoticias" name="MiraTmb" time="10.070"/>
  <testcase classname="com.TesteoPagina.TestPaginaNoticias" name="MiraTmb" time="12.574"/>
  <testcase classname="com.TesteoPagina.TestPaginaNoticias" name="MiraTmb" time="11.446"/>
  <testcase classname="com.TesteoPagina.TestPaginaNoticias" name="MiraTmb" time="12.779"/>
  <testcase classname="com.TesteoPagina.TestPaginaNoticias" name="MiraTmb" time="14.010"/>
  <testcase classname="com.TesteoPagina.TestPaginaNoticias" name="MiraTmb" time="13.536"/>
  <testcase classname="com.TesteoPagina.TestPaginaNoticias" name="MiraTmb" time="29.666"/>
  <testcase classname="com.TesteoPagina.TestPaginaNoticias" name="MiraTmb" time="11.531"/>
  <testcase classname="com.TesteoPagina.TestPaginaNoticias" name="MiraTmb" time="11.534"/>
  <testcase classname="com.TesteoPagina.TestPaginaNoticias" name="MiraTmb" time="8.815"/>
  <testcase classname="com.TesteoPagina.TestPaginaNoticias" name="MiraTmb" time="12.061"/>
  <testcase classname="com.TesteoPagina.TestPaginaNoticias" name="MiraTmb" time="16.253"/>
  <testcase classname="com.TesteoPagina.TestPaginaNoticias" name="MiraTmb" time="11.365"/>
  <testcase classname="com.TesteoPagina.TestPaginaNoticias" name="MiraTmb" time="12.224"/>
  <testcase classname="com.TesteoPagina.TestPaginaNoticias" name="MiraTmb" time="11.022"/>
  <testcase classname="com.TesteoPagina.TestPaginaNoticias" name="MiraTmb" time="8.560"/>
  <testcase classname="com.TesteoPagina.TestPaginaNoticias" name="MiraTmb" time="12.572"/>
  <testcase classname="com.TesteoPagina.TestPaginaNoticias" name="MiraTmb" time="9.430"/>
  <testcase classname="com.TesteoPagina.TestPaginaNoticias" name="MiraTmb" time="11.342"/>
  <testcase classname="com.TesteoPagina.TestPaginaNoticias" name="MiraTmb" time="13.502"/>
  <testcase classname="com.TesteoPagina.TestPaginaNoticias" name="MiraTmb" time="11.998"/>
  <testcase classname="com.TesteoPagina.TestPaginaNoticias" name="MiraTmb" time="20.494"/>
  <testcase classname="com.TesteoPagina.TestPaginaNoticias" name="MiraTmb" time="14.119"/>
  <testcase classname="com.TesteoPagina.TestPaginaNoticias" name="MiraTmb" time="16.166"/>
  <testcase classname="com.TesteoPagina.TestPaginaNoticias" name="MiraTmb" time="10.993"/>
  <testcase classname="com.TesteoPagina.TestPaginaNoticias" name="MiraTmb" time="9.798"/>
  <testcase classname="com.TesteoPagina.TestPaginaNoticias" name="MiraTmb" time="8.388"/>
  <testcase classname="com.TesteoPagina.TestPaginaNoticias" name="MiraTmb" time="16.875"/>
  <testcase classname="com.TesteoPagina.TestPaginaNoticias" name="MiraTmb" time="12.613"/>
  <testcase classname="com.TesteoPagina.TestPaginaNoticias" name="MiraTmb" time="29.561"/>
  <testcase classname="com.TesteoPagina.TestPaginaNoticias" name="MiraTmb" time="13.505"/>
  <testcase classname="com.TesteoPagina.TestPaginaNoticias" name="MiraTmb" time="22.670"/>
  <testcase classname="com.TesteoPagina.TestPaginaNoticias" name="MiraTmb" time="15.248"/>
  <testcase classname="com.TesteoPagina.TestPaginaNoticias" name="MiraTmb" time="10.730"/>
  <testcase classname="com.TesteoPagina.TestPaginaNoticias" name="MiraTmb" time="15.058"/>
  <testcase classname="com.TesteoPagina.TestPaginaNoticias" name="MiraTmb" time="13.518"/>
  <testcase classname="com.TesteoPagina.TestPaginaNoticias" name="MiraTmb" time="12.522"/>
  <testcase classname="com.TesteoPagina.TestPaginaNoticias" name="MiraTmb" time="16.738"/>
  <testcase classname="com.TesteoPagina.TestPaginaNoticias" name="MiraTmb" time="11.591"/>
  <testcase classname="com.TesteoPagina.TestPaginaNoticias" name="MiraTmb" time="10.952"/>
  <testcase classname="com.TesteoPagina.TestPaginaNoticias" name="MiraTmb" time="28.580"/>
  <testcase classname="com.TesteoPagina.TestPaginaNoticias" name="MiraTmb" time="13.885"/>
  <testcase classname="com.TesteoPagina.TestPaginaNoticias" name="MiraTmb" time="14.157"/>
  <testcase classname="com.TesteoPagina.TestPaginaNoticias" name="MiraTmb" time="10.286"/>
  <testcase classname="com.TesteoPagina.TestPaginaNoticias" name="MiraTmb" time="12.536"/>
  <testcase classname="com.TesteoPagina.TestPaginaNoticias" name="MiraTmb" time="11.747"/>
  <testcase classname="com.TesteoPagina.TestPaginaNoticias" name="MiraTmb" time="11.869"/>
  <testcase classname="com.TesteoPagina.TestPaginaNoticias" name="MiraTmb" time="12.457"/>
  <testcase classname="com.TesteoPagina.TestPaginaNoticias" name="MiraTmb" time="12.153"/>
  <testcase classname="com.TesteoPagina.TestPaginaNoticias" name="MiraTmb" time="11.170"/>
  <testcase classname="com.TesteoPagina.TestPaginaNoticias" name="MiraTmb" time="12.422"/>
  <testcase classname="com.TesteoPagina.TestPaginaNoticias" name="MiraTmb" time="9.834"/>
  <testcase classname="com.TesteoPagina.TestPaginaNoticias" name="MiraTmb" time="13.302"/>
  <testcase classname="com.TesteoPagina.TestPaginaNoticias" name="MiraTmb" time="26.348"/>
  <testcase classname="com.TesteoPagina.TestPaginaNoticias" name="MiraTmb" time="13.467"/>
  <testcase classname="com.TesteoPagina.TestPaginaNoticias" name="MiraTmb" time="14.975"/>
  <testcase classname="com.TesteoPagina.TestPaginaNoticias" name="MiraTmb" time="10.995"/>
  <testcase classname="com.TesteoPagina.TestPaginaNoticias" name="MiraTmb" time="45.505"/>
  <testcase classname="com.TesteoPagina.TestPaginaNoticias" name="MiraTmb" time="13.246"/>
  <testcase classname="com.TesteoPagina.TestPaginaNoticias" name="MiraTmb" time="8.969"/>
  <testcase classname="com.TesteoPagina.TestPaginaNoticias" name="MiraTmb" time="11.395"/>
  <testcase classname="com.TesteoPagina.TestPaginaNoticias" name="MiraTmb" time="10.227"/>
  <testcase classname="com.TesteoPagina.TestPaginaNoticias" name="MiraTmb" time="18.233"/>
  <testcase classname="com.TesteoPagina.TestPaginaNoticias" name="MiraTmb" time="14.355"/>
  <testcase classname="com.TesteoPagina.TestPaginaNoticias" name="MiraTmb" time="19.137"/>
  <testcase classname="com.TesteoPagina.TestPaginaNoticias" name="MiraTmb" time="12.031"/>
  <testcase classname="com.TesteoPagina.TestPaginaNoticias" name="MiraTmb" time="15.560"/>
  <testcase classname="com.TesteoPagina.TestPaginaNoticias" name="MiraTmb" time="12.319"/>
  <testcase classname="com.TesteoPagina.TestPaginaNoticias" name="MiraTmb" time="11.036"/>
  <testcase classname="com.TesteoPagina.TestPaginaNoticias" name="MiraTmb" time="13.599"/>
  <testcase classname="com.TesteoPagina.TestPaginaNoticias" name="MiraTmb" time="13.981"/>
  <testcase classname="com.TesteoPagina.TestPaginaNoticias" name="MiraTmb" time="11.612"/>
  <testcase classname="com.TesteoPagina.TestPaginaNoticias" name="MiraTmb" time="14.709"/>
  <testcase classname="com.TesteoPagina.TestPaginaNoticias" name="MiraTmb" time="25.757"/>
  <testcase classname="com.TesteoPagina.TestPaginaNoticias" name="MiraTmb" time="12.455"/>
  <testcase classname="com.TesteoPagina.TestPaginaNoticias" name="MiraTmb" time="9.807"/>
  <testcase classname="com.TesteoPagina.TestPaginaNoticias" name="MiraTmb" time="11.639"/>
  <testcase classname="com.TesteoPagina.TestPaginaNoticias" name="MiraTmb" time="18.879"/>
  <testcase classname="com.TesteoPagina.TestPaginaNoticias" name="MiraTmb" time="14.074"/>
  <testcase classname="com.TesteoPagina.TestPaginaNoticias" name="MiraTmb" time="14.530"/>
  <testcase classname="com.TesteoPagina.TestPaginaNoticias" name="MiraTmb" time="11.490"/>
  <testcase classname="com.TesteoPagina.TestPaginaNoticias" name="MiraTmb" time="14.267"/>
  <testcase classname="com.TesteoPagina.TestPaginaNoticias" name="MiraTmb" time="11.719"/>
  <testcase classname="com.TesteoPagina.TestPaginaNoticias" name="MiraTmb" time="23.532"/>
  <testcase classname="com.TesteoPagina.TestPaginaNoticias" name="MiraTmb" time="11.113"/>
  <testcase classname="com.TesteoPagina.TestPaginaNoticias" name="MiraTmb" time="15.757"/>
  <testcase classname="com.TesteoPagina.TestPaginaNoticias" name="MiraTmb" time="11.481"/>
  <testcase classname="com.TesteoPagina.TestPaginaNoticias" name="MiraTmb" time="21.316"/>
  <testcase classname="com.TesteoPagina.TestPaginaNoticias" name="MiraTmb" time="8.942"/>
  <testcase classname="com.TesteoPagina.TestPaginaNoticias" name="MiraTmb" time="12.543"/>
  <testcase classname="com.TesteoPagina.TestPaginaNoticias" name="MiraTmb" time="21.629"/>
  <testcase classname="com.TesteoPagina.TestPaginaNoticias" name="MiraTmb" time="13.601"/>
  <testcase classname="com.TesteoPagina.TestPaginaNoticias" name="MiraTmb" time="11.721"/>
  <testcase classname="com.TesteoPagina.TestPaginaNoticias" name="MiraTmb" time="11.898"/>
  <testcase classname="com.TesteoPagina.TestPaginaNoticias" name="MiraTmb" time="10.440"/>
  <testcase classname="com.TesteoPagina.TestPaginaNoticias" name="MiraTmb" time="11.971"/>
  <testcase classname="com.TesteoPagina.TestPaginaNoticias" name="MiraTmb" time="14.799"/>
  <testcase classname="com.TesteoPagina.TestPaginaNoticias" name="MiraTmb" time="16.133"/>
  <testcase classname="com.TesteoPagina.TestPaginaNoticias" name="MiraTmb" time="12.578"/>
  <testcase classname="com.TesteoPagina.TestPaginaNoticias" name="MiraTmb" time="31.086"/>
  <testcase classname="com.TesteoPagina.TestPaginaNoticias" name="MiraTmb" time="12.051"/>
  <testcase classname="com.TesteoPagina.TestPaginaNoticias" name="MiraTmb" time="9.840"/>
  <testcase classname="com.TesteoPagina.TestPaginaNoticias" name="MiraTmb" time="11.864"/>
  <testcase classname="com.TesteoPagina.TestPaginaNoticias" name="MiraTmb" time="11.359"/>
  <testcase classname="com.TesteoPagina.TestPaginaNoticias" name="MiraTmb" time="15.700"/>
  <testcase classname="com.TesteoPagina.TestPaginaNoticias" name="MiraTmb" time="14.779"/>
  <testcase classname="com.TesteoPagina.TestPaginaNoticias" name="MiraTmb" time="8.767"/>
  <testcase classname="com.TesteoPagina.TestPaginaNoticias" name="MiraTmb" time="12.333"/>
  <testcase classname="com.TesteoPagina.TestPaginaNoticias" name="MiraTmb" time="11.228"/>
  <testcase classname="com.TesteoPagina.TestPaginaNoticias" name="MiraTmb" time="12.958"/>
  <testcase classname="com.TesteoPagina.TestPaginaNoticias" name="MiraTmb" time="12.571"/>
  <testcase classname="com.TesteoPagina.TestPaginaNoticias" name="MiraTmb" time="41.392"/>
  <testcase classname="com.TesteoPagina.TestPaginaNoticias" name="MiraTmb" time="13.107"/>
  <testcase classname="com.TesteoPagina.TestPaginaNoticias" name="MiraTmb" time="14.933"/>
  <testcase classname="com.TesteoPagina.TestPaginaNoticias" name="MiraTmb" time="15.202"/>
  <testcase classname="com.TesteoPagina.TestPaginaNoticias" name="MiraTmb" time="12.619"/>
  <testcase classname="com.TesteoPagina.TestPaginaNoticias" name="MiraTmb" time="16.760"/>
  <testcase classname="com.TesteoPagina.TestPaginaNoticias" name="MiraTmb" time="11.258"/>
  <testcase classname="com.TesteoPagina.TestPaginaNoticias" name="MiraTmb" time="13.299"/>
  <testcase classname="com.TesteoPagina.TestPaginaNoticias" name="MiraTmb" time="12.205"/>
  <testcase classname="com.TesteoPagina.TestPaginaNoticias" name="MiraTmb" time="11.059"/>
  <testcase classname="com.TesteoPagina.TestPaginaNoticias" name="MiraTmb" time="11.146"/>
  <testcase classname="com.TesteoPagina.TestPaginaNoticias" name="MiraTmb" time="26.305"/>
  <testcase classname="com.TesteoPagina.TestPaginaNoticias" name="MiraTmb" time="17.659"/>
  <testcase classname="com.TesteoPagina.TestPaginaNoticias" name="MiraTmb" time="12.906"/>
  <testcase classname="com.TesteoPagina.TestPaginaNoticias" name="MiraTmb" time="11.084"/>
  <testcase classname="com.TesteoPagina.TestPaginaNoticias" name="MiraTmb" time="16.115"/>
  <testcase classname="com.TesteoPagina.TestPaginaNoticias" name="MiraTmb" time="20.679"/>
  <testcase classname="com.TesteoPagina.TestPaginaNoticias" name="MiraTmb" time="11.273"/>
  <testcase classname="com.TesteoPagina.TestPaginaNoticias" name="MiraTmb" time="11.396"/>
  <testcase classname="com.TesteoPagina.TestPaginaNoticias" name="MiraTmb" time="13.622"/>
  <testcase classname="com.TesteoPagina.TestPaginaNoticias" name="MiraTmb" time="9.042"/>
  <testcase classname="com.TesteoPagina.TestPaginaNoticias" name="MiraTmb" time="12.296"/>
  <testcase classname="com.TesteoPagina.TestPaginaNoticias" name="MiraTmb" time="10.354"/>
  <testcase classname="com.TesteoPagina.TestPaginaNoticias" name="MiraTmb" time="14.349"/>
  <testcase classname="com.TesteoPagina.TestPaginaNoticias" name="MiraTmb" time="10.771"/>
  <testcase classname="com.TesteoPagina.TestPaginaNoticias" name="MiraTmb" time="10.706"/>
  <testcase classname="com.TesteoPagina.TestPaginaNoticias" name="MiraTmb" time="9.919"/>
  <testcase classname="com.TesteoPagina.TestPaginaNoticias" name="MiraTmb" time="11.162"/>
  <testcase classname="com.TesteoPagina.TestPaginaNoticias" name="MiraTmb" time="13.457"/>
  <testcase classname="com.TesteoPagina.TestPaginaNoticias" name="MiraTmb" time="10.973"/>
  <testcase classname="com.TesteoPagina.TestPaginaNoticias" name="MiraTmb" time="14.590"/>
  <testcase classname="com.TesteoPagina.TestPaginaNoticias" name="MiraTmb" time="12.202"/>
  <testcase classname="com.TesteoPagina.TestPaginaNoticias" name="MiraTmb" time="14.615"/>
  <testcase classname="com.TesteoPagina.TestPaginaNoticias" name="MiraTmb" time="14.671"/>
  <testcase classname="com.TesteoPagina.TestPaginaNoticias" name="MiraTmb" time="10.846"/>
  <testcase classname="com.TesteoPagina.TestPaginaNoticias" name="MiraTmb" time="13.768"/>
</testsuite> <!-- com.TesteoPagina.TestPaginaNoticias -->
